Starting Dynare (version 4.5.4).
Starting preprocessing of the model file ...
Found 5 equation(s).
Evaluating expressions...done
Computing static model derivatives:
 - order 1
Computing dynamic model derivatives:
 - order 1
 - order 2
Processing outputs ...
done
Preprocessing completed.

MODEL SUMMARY

  Number of variables:         5
  Number of stochastic shocks: 3
  Number of state variables:   5
  Number of jumpers:           0
  Number of static variables:  0


MATRIX OF COVARIANCE OF EXOGENOUS SHOCKS
Variables       eps_y    eps_pi     eps_r
eps_y        0.536117  0.000000  0.000000
eps_pi       0.000000  0.087025  0.000000
eps_r        0.000000  0.000000  0.084565

POLICY AND TRANSITION FUNCTIONS
                                   y              pi               r             u_y            u_pi
y(-1)                       0.738724        0.027850        0.058134               0               0
pi(-1)                      0.162395        0.626487        0.135450               0               0
r(-1)                      -0.275417       -0.010383        0.833026               0               0
u_y(-1)                     0.415879        0.015679        0.032728        0.426700               0
u_pi(-1)                   -0.019657        0.307759        0.059455               0        0.308500
eps_y                       0.974641        0.036744        0.076700        1.000000               0
eps_pi                     -0.063719        0.997598        0.192724               0        1.000000
eps_r                      -0.322238       -0.012148        0.974641               0               0


THEORETICAL MOMENTS
VARIABLE         MEAN  STD. DEV.   VARIANCE
y              0.0000     1.5812     2.5003
pi             0.0000     0.4970     0.2470
r              0.0000     0.7731     0.5977
u_y            0.0000     0.8096     0.6555
u_pi           0.0000     0.3101     0.0962



VARIANCE DECOMPOSITION (in percent)
         eps_y  eps_pi   eps_r
y        90.23    1.40    8.37
pi        6.08   93.21    0.71
r        45.83   19.51   34.67
u_y     100.00    0.00    0.00
u_pi      0.00  100.00    0.00



MATRIX OF CORRELATIONS
Variables         y      pi       r     u_y    u_pi
y            1.0000  0.2336  0.2428  0.7167 -0.0075
pi           0.2336  1.0000  0.4063  0.1169  0.7706
r            0.2428  0.4063  1.0000  0.1878  0.1315
u_y          0.7167  0.1169  0.1878  1.0000  0.0000
u_pi        -0.0075  0.7706  0.1315  0.0000  1.0000



COEFFICIENTS OF AUTOCORRELATION
Order         1       2       3       4       5       6       7       8       9      10
y        0.8706  0.6716  0.4766  0.3108  0.1798  0.0816  0.0116 -0.0356 -0.0649 -0.0806
pi       0.7916  0.5521  0.3638  0.2300  0.1385  0.0769  0.0360  0.0096 -0.0070 -0.0166
r        0.9068  0.7969  0.6799  0.5643  0.4558  0.3580  0.2729  0.2009  0.1417  0.0943
u_y      0.4267  0.1821  0.0777  0.0332  0.0141  0.0060  0.0026  0.0011  0.0005  0.0002
u_pi     0.3085  0.0952  0.0294  0.0091  0.0028  0.0009  0.0003  0.0001  0.0000  0.0000
Total computing time : 0h00m01s
