Starting Dynare (version 4.5.4).
Starting preprocessing of the model file ...
Found 5 equation(s).
Evaluating expressions...done
Computing static model derivatives:
 - order 1
Computing dynamic model derivatives:
 - order 1
 - order 2
Processing outputs ...
done
Preprocessing completed.
{Error using <a href="matlab:matlab.internal.language.introspective.errorDocCallback('print_info', 'C:\dynare\4.5.4\matlab\print_info.m', 45)" style="font-weight:bold">print_info</a> (<a href="matlab: opentoline('C:\dynare\4.5.4\matlab\print_info.m',45,0)">line 45</a>)
Blanchard Kahn conditions are not satisfied: indeterminacy
Error in <a href="matlab:matlab.internal.language.introspective.errorDocCallback('stoch_simul', 'C:\dynare\4.5.4\matlab\stoch_simul.m', 100)" style="font-weight:bold">stoch_simul</a> (<a href="matlab: opentoline('C:\dynare\4.5.4\matlab\stoch_simul.m',100,0)">line 100</a>)
    print_info(info, options_.noprint, options_);
Error in <a href="matlab:matlab.internal.language.introspective.errorDocCallback('NKPC_REE_Estimation', 'C:\Users\Tolga\Desktop\lenovoDesktop-14.07.2018\thesisNKPC_Estimation\NKPC_REE_Estimation.m', 156)" style="font-weight:bold">NKPC_REE_Estimation</a> (<a href="matlab: opentoline('C:\Users\Tolga\Desktop\lenovoDesktop-14.07.2018\thesisNKPC_Estimation\NKPC_REE_Estimation.m',156,0)">line 156</a>)
info = stoch_simul(var_list_);
Error in <a href="matlab:matlab.internal.language.introspective.errorDocCallback('dynare', 'C:\dynare\4.5.4\matlab\dynare.m', 223)" style="font-weight:bold">dynare</a> (<a href="matlab: opentoline('C:\dynare\4.5.4\matlab\dynare.m',223,0)">line 223</a>)
evalin('base',fname) ;} 
dynare NKPC_REE_Estimation

Configuring Dynare ...
[mex] Generalized QZ.
[mex] Sylvester equation solution.
[mex] Kronecker products.
[mex] Sparse kronecker products.
[mex] Local state space iteration (second order).
[mex] Bytecode evaluation.
[mex] k-order perturbation solver.
[mex] k-order solution simulation.
[mex] Quasi Monte-Carlo sequence (Sobol).
[mex] Markov Switching SBVAR.

Using 64-bit preprocessor
Starting Dynare (version 4.5.4).
Starting preprocessing of the model file ...
Found 5 equation(s).
Evaluating expressions...done
Computing static model derivatives:
 - order 1
Computing dynamic model derivatives:
 - order 1
 - order 2
Processing outputs ...
done
Preprocessing completed.

{Error using <a href="matlab:matlab.internal.language.introspective.errorDocCallback('print_info', 'C:\dynare\4.5.4\matlab\print_info.m', 45)" style="font-weight:bold">print_info</a> (<a href="matlab: opentoline('C:\dynare\4.5.4\matlab\print_info.m',45,0)">line 45</a>)
Blanchard Kahn conditions are not satisfied: indeterminacy
Error in <a href="matlab:matlab.internal.language.introspective.errorDocCallback('stoch_simul', 'C:\dynare\4.5.4\matlab\stoch_simul.m', 100)" style="font-weight:bold">stoch_simul</a> (<a href="matlab: opentoline('C:\dynare\4.5.4\matlab\stoch_simul.m',100,0)">line 100</a>)
    print_info(info, options_.noprint, options_);
Error in <a href="matlab:matlab.internal.language.introspective.errorDocCallback('NKPC_REE_Estimation', 'C:\Users\Tolga\Desktop\lenovoDesktop-14.07.2018\thesisNKPC_Estimation\NKPC_REE_Estimation.m', 156)" style="font-weight:bold">NKPC_REE_Estimation</a> (<a href="matlab: opentoline('C:\Users\Tolga\Desktop\lenovoDesktop-14.07.2018\thesisNKPC_Estimation\NKPC_REE_Estimation.m',156,0)">line 156</a>)
info = stoch_simul(var_list_);
Error in <a href="matlab:matlab.internal.language.introspective.errorDocCallback('dynare', 'C:\dynare\4.5.4\matlab\dynare.m', 223)" style="font-weight:bold">dynare</a> (<a href="matlab: opentoline('C:\dynare\4.5.4\matlab\dynare.m',223,0)">line 223</a>)
evalin('base',fname) ;} 
policyAnalysisREE

Configuring Dynare ...
[mex] Generalized QZ.
[mex] Sylvester equation solution.
[mex] Kronecker products.
[mex] Sparse kronecker products.
[mex] Local state space iteration (second order).
[mex] Bytecode evaluation.
[mex] k-order perturbation solver.
[mex] k-order solution simulation.
[mex] Quasi Monte-Carlo sequence (Sobol).
[mex] Markov Switching SBVAR.

Using 64-bit preprocessor
Starting Dynare (version 4.5.4).
Starting preprocessing of the model file ...
Found 5 equation(s).
Evaluating expressions...done
Computing static model derivatives:
 - order 1
Computing dynamic model derivatives:
 - order 1
 - order 2
Processing outputs ...
done
Preprocessing completed.

